Sat Jun 03 2023 23:32:15 } [PH] info: 🛢   Database is connected successfully
Sat Jun 03 2023 23:32:15 } [PH] info: Application  listening on port 5000
Sat Jun 03 2023 23:34:50 } [PH] info: 🛢   Database is connected successfully
Sat Jun 03 2023 23:34:50 } [PH] info: Application  listening on port 5000
Sat Jun 03 2023 23:37:21 } [PH] info: 🛢   Database is connected successfully
Sat Jun 03 2023 23:37:21 } [PH] info: Application  listening on port 5000
Sat Jun 03 2023 23:37:25 } [PH] error: Unhandled error rejection
Sat Jun 03 2023 23:38:2 } [PH] info: 🛢   Database is connected successfully
Sat Jun 03 2023 23:38:2 } [PH] info: Application  listening on port 5000
Sat Jun 03 2023 23:38:3 } [PH] error: Unhandled error rejection
Sat Jun 03 2023 23:38:14 } [PH] info: Server closed
Sat Jun 03 2023 23:39:4 } [PH] info: 🛢   Database is connected successfully
Sat Jun 03 2023 23:39:4 } [PH] info: Application  listening on port 5000
Sat Jun 03 2023 23:39:15 } [PH] info: 🛢   Database is connected successfully
Sat Jun 03 2023 23:39:15 } [PH] info: Application  listening on port 5000
Sat Jun 03 2023 23:40:14 } [PH] info: 🛢   Database is connected successfully
Sat Jun 03 2023 23:40:14 } [PH] info: Application  listening on port 5000
Sat Jun 03 2023 23:41:18 } [PH] info: 🛢   Database is connected successfully
Sat Jun 03 2023 23:41:18 } [PH] info: Application  listening on port 5000
Sat Jun 03 2023 23:41:26 } [PH] info: 🛢   Database is connected successfully
Sat Jun 03 2023 23:41:26 } [PH] info: Application  listening on port 5000
Sat Jun 03 2023 23:41:26 } [PH] error: Unhandled error rejection
Sat Jun 03 2023 23:41:56 } [PH] info: 🛢   Database is connected successfully
Sat Jun 03 2023 23:41:56 } [PH] info: Application  listening on port 5000
Sat Jun 03 2023 23:41:58 } [PH] error: Cannot read properties of undefined (reading 'name')
Sat Jun 03 2023 23:43:3 } [PH] info: 🛢   Database is connected successfully
Sat Jun 03 2023 23:43:3 } [PH] info: Application  listening on port 5000
Sat Jun 03 2023 23:43:27 } [PH] info: 🛢   Database is connected successfully
Sat Jun 03 2023 23:43:27 } [PH] info: Application  listening on port 5000
Sat Jun 03 2023 23:43:32 } [PH] error: Cannot read properties of undefined (reading 'name')
Sat Jun 03 2023 23:44:18 } [PH] info: Server closed
Sat Jun 03 2023 23:44:22 } [PH] info: 🛢   Database is connected successfully
Sat Jun 03 2023 23:44:22 } [PH] info: Application  listening on port 5000
Sat Jun 03 2023 23:48:3 } [PH] info: 🛢   Database is connected successfully
Sat Jun 03 2023 23:48:3 } [PH] info: Application  listening on port 5000
Sat Jun 03 2023 23:49:38 } [PH] info: Application  listening on port 5000
